SF:lib\Core\Errors\failure.dart
DA:5,18
DA:9,5
DA:11,1
DA:12,1
DA:16,4
DA:17,1
DA:18,1
DA:22,5
DA:24,1
DA:25,1
DA:29,15
DA:30,0
DA:31,0
DA:35,2
DA:36,0
DA:37,0
DA:41,4
DA:42,0
DA:43,0
LF:19
LH:13
end_of_record
SF:lib\Core\Model\network_response.dart
DA:9,4
DA:15,3
DA:16,3
DA:17,3
DA:18,3
DA:19,3
DA:20,3
DA:24,1
DA:25,5
DA:27,2
DA:28,2
DA:29,2
DA:30,2
DA:31,2
DA:32,2
LF:15
LH:15
end_of_record
SF:lib\Core\utils\parser.dart
DA:7,3
DA:9,3
DA:12,1
DA:16,3
DA:18,3
DA:27,1
DA:29,1
DA:31,2
LF:8
LH:8
end_of_record
SF:lib\Core\Network\network.dart
DA:35,2
DA:37,2
DA:38,4
DA:40,2
DA:45,2
DA:46,0
DA:47,4
DA:49,1
DA:52,4
DA:53,2
DA:58,2
DA:63,2
DA:64,2
DA:65,4
DA:67,2
DA:73,4
DA:75,0
DA:80,2
DA:81,6
DA:84,2
DA:85,2
DA:87,4
DA:92,2
DA:93,6
DA:94,6
DA:95,6
LF:26
LH:24
end_of_record
SF:lib\Core\utils\constant.dart
DA:2,2
DA:4,2
DA:6,2
LF:3
LH:3
end_of_record
SF:lib\Core\utils\stroage.dart
DA:8,2
DA:10,2
DA:12,4
DA:18,2
DA:23,1
DA:25,2
DA:28,2
DA:33,2
DA:35,4
DA:38,2
DA:43,1
DA:45,2
DA:48,2
LF:13
LH:13
end_of_record
SF:lib\Features\Auth\Data\DataSource\auth_repo_impl.dart
DA:14,1
DA:16,1
DA:19,1
DA:28,1
DA:30,1
DA:37,1
DA:39,2
DA:40,1
DA:44,1
DA:48,1
DA:50,2
DA:51,1
DA:55,1
DA:56,4
DA:60,1
DA:64,1
DA:66,2
DA:67,2
DA:71,0
DA:75,1
DA:77,1
DA:79,1
DA:81,2
DA:86,1
DA:89,1
DA:98,1
DA:101,1
DA:111,1
DA:120,1
DA:121,1
DA:123,1
DA:124,1
DA:130,1
DA:131,1
DA:137,1
DA:139,1
DA:140,1
DA:153,1
DA:156,2
DA:161,0
DA:163,0
DA:168,0
DA:169,0
DA:174,0
DA:181,1
DA:183,1
DA:184,0
DA:186,2
DA:190,0
DA:194,1
DA:195,1
DA:196,1
DA:197,2
DA:200,1
DA:201,1
DA:203,1
DA:206,1
LF:57
LH:49
end_of_record
SF:lib\Features\Auth\Data\Models\auth_model.dart
DA:7,1
DA:9,1
DA:10,1
DA:11,1
DA:12,2
DA:14,0
DA:15,0
DA:16,0
DA:17,0
LF:9
LH:5
end_of_record
SF:lib\Features\Auth\Data\Models\user_model.dart
DA:12,2
DA:21,2
DA:22,2
DA:23,2
DA:24,2
DA:25,2
DA:26,2
DA:27,2
DA:28,2
DA:29,2
DA:31,0
DA:32,0
DA:33,0
DA:34,0
DA:35,0
DA:36,0
DA:37,0
DA:38,0
DA:39,0
DA:43,1
DA:44,1
DA:45,1
DA:46,1
DA:47,1
DA:48,1
DA:49,1
DA:50,1
DA:51,1
LF:28
LH:19
end_of_record
SF:lib\Features\Auth\Page\Bloc\login\login_state.dart
DA:4,3
DA:8,0
DA:9,0
DA:15,2
DA:17,1
DA:18,2
DA:24,2
DA:26,1
DA:27,3
DA:33,1
DA:35,1
DA:36,3
DA:40,0
DA:41,0
LF:14
LH:10
end_of_record
SF:lib\Features\Auth\Page\Bloc\login\login_event.dart
DA:4,1
DA:11,1
DA:13,0
DA:14,0
DA:19,0
DA:20,0
DA:21,0
LF:7
LH:2
end_of_record
SF:lib\Features\Auth\Page\Bloc\login\login_bloc.dart
DA:12,3
DA:13,2
DA:14,1
DA:15,1
DA:17,5
DA:19,2
DA:21,2
LF:7
LH:7
end_of_record
