SF:lib\Core\Errors\failure.dart
DA:5,7
DA:9,3
DA:11,1
DA:12,1
DA:16,3
DA:17,0
DA:18,0
DA:22,3
DA:24,1
DA:25,1
DA:29,7
DA:30,0
DA:31,0
DA:35,0
DA:36,0
DA:37,0
DA:41,2
DA:42,0
DA:43,0
LF:19
LH:10
end_of_record
SF:lib\Core\Model\network_response.dart
DA:9,3
DA:12,2
DA:13,2
DA:14,2
DA:15,2
DA:16,2
DA:17,2
DA:21,1
DA:22,5
DA:24,1
DA:25,1
DA:26,1
DA:27,1
DA:28,1
DA:29,1
LF:15
LH:15
end_of_record
SF:lib\Core\utils\parser.dart
DA:7,2
DA:9,2
DA:12,1
DA:16,2
DA:18,2
DA:27,0
DA:29,0
DA:32,0
LF:8
LH:5
end_of_record
SF:lib\Core\Network\network.dart
DA:37,1
DA:39,1
DA:40,2
DA:42,1
DA:47,1
DA:48,0
DA:49,2
DA:51,1
DA:54,2
DA:55,1
DA:60,1
DA:65,1
DA:66,0
DA:67,2
DA:68,2
DA:69,1
DA:74,2
DA:75,1
DA:80,1
DA:81,3
DA:82,3
DA:83,3
DA:86,1
DA:87,2
DA:88,3
DA:95,1
DA:96,1
DA:98,0
LF:28
LH:25
end_of_record
SF:lib\Core\utils\constant.dart
DA:2,1
DA:4,1
DA:6,1
LF:3
LH:3
end_of_record
SF:lib\Core\utils\stroage.dart
DA:8,1
DA:10,1
DA:12,2
DA:20,2
DA:25,1
DA:27,2
DA:30,2
DA:35,1
DA:37,2
DA:40,2
DA:45,1
DA:47,2
DA:50,2
LF:13
LH:13
end_of_record
